{"name":"выбор товара на озоне","status":"failed","statusDetails":{"known":false,"muted":false,"flaky":false,"message":"no such element: Unable to locate element: {\"method\":\"xpath\",\"selector\":\"//div[@data-widget='totalv2']//span[contains(text(),'товаров')]\"}\n  (Session info: chrome=79.0.3945.88)\n  (Driver info: chromedriver=79.0.3945.36 (3582db32b33893869b8c1339e8f4d9ed1816f143-refs/branch-heads/3945@{#614}),platform=Linux 4.15.0-20-generic x86_64) (WARNING: The server did not provide any stacktrace information)\nCommand duration or timeout: 20.06 seconds\nFor documentation on this error, please visit: http://seleniumhq.org/exceptions/no_such_element.html\nBuild info: version: '2.53.1', revision: 'a36b8b1cd5757287168e54b817830adce9b0158d', time: '2016-06-30 19:26:09'\nSystem info: host: 'computer', ip: '127.0.1.1', os.name: 'Linux', os.arch: 'amd64', os.version: '4.15.0-20-generic', java.version: '11.0.3'\nDriver info: org.openqa.selenium.chrome.ChromeDriver\nCapabilities [{mobileEmulationEnabled=false, timeouts={implicit=0, pageLoad=300000, script=30000}, hasTouchScreen=false, platform=LINUX, acceptSslCerts=false, goog:chromeOptions={debuggerAddress=localhost:44349}, acceptInsecureCerts=false, webStorageEnabled=true, browserName=chrome, takesScreenshot=true, javascriptEnabled=true, setWindowRect=true, unexpectedAlertBehaviour=ignore, applicationCacheEnabled=false, rotatable=false, networkConnectionEnabled=false, chrome={chromedriverVersion=79.0.3945.36 (3582db32b33893869b8c1339e8f4d9ed1816f143-refs/branch-heads/3945@{#614}), userDataDir=/tmp/.com.google.Chrome.cmOcyX}, takesHeapSnapshot=true, pageLoadStrategy=normal, strictFileInteractability=false, databaseEnabled=false, handlesAlerts=true, version=79.0.3945.88, browserConnectionEnabled=false, proxy={}, nativeEvents=true, locationContextEnabled=true, cssSelectorsEnabled=true}]\nSession ID: 35349ac1fdce912aa66c9a6c6d37e89f\n*** Element info: {Using=xpath, value=//div[@data-widget='totalv2']//span[contains(text(),'товаров')]}","trace":"org.openqa.selenium.NoSuchElementException: no such element: Unable to locate element: {\"method\":\"xpath\",\"selector\":\"//div[@data-widget='totalv2']//span[contains(text(),'товаров')]\"}\n  (Session info: chrome=79.0.3945.88)\n  (Driver info: chromedriver=79.0.3945.36 (3582db32b33893869b8c1339e8f4d9ed1816f143-refs/branch-heads/3945@{#614}),platform=Linux 4.15.0-20-generic x86_64) (WARNING: The server did not provide any stacktrace information)\nCommand duration or timeout: 20.06 seconds\nFor documentation on this error, please visit: http://seleniumhq.org/exceptions/no_such_element.html\nBuild info: version: '2.53.1', revision: 'a36b8b1cd5757287168e54b817830adce9b0158d', time: '2016-06-30 19:26:09'\nSystem info: host: 'computer', ip: '127.0.1.1', os.name: 'Linux', os.arch: 'amd64', os.version: '4.15.0-20-generic', java.version: '11.0.3'\nDriver info: org.openqa.selenium.chrome.ChromeDriver\nCapabilities [{mobileEmulationEnabled=false, timeouts={implicit=0, pageLoad=300000, script=30000}, hasTouchScreen=false, platform=LINUX, acceptSslCerts=false, goog:chromeOptions={debuggerAddress=localhost:44349}, acceptInsecureCerts=false, webStorageEnabled=true, browserName=chrome, takesScreenshot=true, javascriptEnabled=true, setWindowRect=true, unexpectedAlertBehaviour=ignore, applicationCacheEnabled=false, rotatable=false, networkConnectionEnabled=false, chrome={chromedriverVersion=79.0.3945.36 (3582db32b33893869b8c1339e8f4d9ed1816f143-refs/branch-heads/3945@{#614}), userDataDir=/tmp/.com.google.Chrome.cmOcyX}, takesHeapSnapshot=true, pageLoadStrategy=normal, strictFileInteractability=false, databaseEnabled=false, handlesAlerts=true, version=79.0.3945.88, browserConnectionEnabled=false, proxy={}, nativeEvents=true, locationContextEnabled=true, cssSelectorsEnabled=true}]\nSession ID: 35349ac1fdce912aa66c9a6c6d37e89f\n*** Element info: {Using=xpath, value=//div[@data-widget='totalv2']//span[contains(text(),'товаров')]}\n\tat java.base/jdk.internal.reflect.NativeConstructorAccessorImpl.newInstance0(Native Method)\n\tat java.base/jdk.internal.reflect.NativeConstructorAccessorImpl.newInstance(NativeConstructorAccessorImpl.java:62)\n\tat java.base/jdk.internal.reflect.DelegatingConstructorAccessorImpl.newInstance(DelegatingConstructorAccessorImpl.java:45)\n\tat java.base/java.lang.reflect.Constructor.newInstance(Constructor.java:490)\n\tat org.openqa.selenium.remote.ErrorHandler.createThrowable(ErrorHandler.java:206)\n\tat org.openqa.selenium.remote.ErrorHandler.throwIfResponseFailed(ErrorHandler.java:158)\n\tat org.openqa.selenium.remote.RemoteWebDriver.execute(RemoteWebDriver.java:678)\n\tat org.openqa.selenium.remote.RemoteWebDriver.findElement(RemoteWebDriver.java:363)\n\tat org.openqa.selenium.remote.RemoteWebDriver.findElementByXPath(RemoteWebDriver.java:500)\n\tat org.openqa.selenium.By$ByXPath.findElement(By.java:361)\n\tat org.openqa.selenium.remote.RemoteWebDriver.findElement(RemoteWebDriver.java:355)\n\tat org.openqa.selenium.support.pagefactory.DefaultElementLocator.findElement(DefaultElementLocator.java:69)\n\tat org.openqa.selenium.support.pagefactory.internal.LocatingElementHandler.invoke(LocatingElementHandler.java:38)\n\tat com.sun.proxy.$Proxy19.getText(Unknown Source)\n\tat pages.CartPage.checkCountProduct(CartPage.java:33)\n\tat steps.CartPageSteps.checkText(CartPageSteps.java:25)\n\tat steps.MyStepdefs.checkText(MyStepdefs.java:43)\n\tat ✽.проверить что отображается текст Ваша корзина  - \"8 товаров\" \"true\"(src/test/features/ozon.feature:14)\n"},"stage":"finished","steps":[{"name":"before","status":"passed","stage":"finished","steps":[],"attachments":[],"parameters":[],"start":1581688448968,"stop":1581688454280},{"name":"Когда  выполнен поиск по \"iphone\"","status":"passed","stage":"finished","steps":[{"name":"выполняется поиск по iphone","status":"passed","stage":"finished","steps":[],"attachments":[],"parameters":[{"name":"arg0","value":"iphone"}],"start":1581688454490,"stop":1581688459716}],"attachments":[],"parameters":[],"start":1581688454281,"stop":1581688459727},{"name":"Тогда  ограничить цену до \"100000\"","status":"passed","stage":"finished","steps":[{"name":"выставляется ограничение цены - 100000","status":"passed","stage":"finished","steps":[],"attachments":[],"parameters":[{"name":"limit","value":"100000"}],"start":1581688459729,"stop":1581688471212}],"attachments":[],"parameters":[],"start":1581688459728,"stop":1581688471213},{"name":"И  выбрать бренды \"Beats\" \"Samsung\" \"false\"","status":"passed","stage":"finished","steps":[],"attachments":[],"parameters":[],"start":1581688471216,"stop":1581688471217},{"name":"И  отметить чекбокс \"Высокий рейтинг\"","status":"passed","stage":"finished","steps":[{"name":"отмечается чекбокс - Высокий рейтинг","status":"passed","stage":"finished","steps":[],"attachments":[],"parameters":[{"name":"name","value":"Высокий рейтинг"}],"start":1581688471219,"stop":1581688476758}],"attachments":[],"parameters":[],"start":1581688471218,"stop":1581688476759},{"name":"И  отметить чекбокс \"3 ГБ\" \"true\"","status":"passed","stage":"finished","steps":[{"name":"отмечается чекбокс - 3 ГБ","status":"passed","stage":"finished","steps":[],"attachments":[],"parameters":[{"name":"name","value":"3 ГБ"}],"start":1581688476761,"stop":1581688482004}],"attachments":[],"parameters":[],"start":1581688476760,"stop":1581688482005},{"name":"Тогда  из результатов поиска добавить \"8\" \"нечетныx\" товаров \"true\"","status":"passed","stage":"finished","steps":[{"name":"добавляются продукты в корзину","status":"passed","stage":"finished","steps":[],"attachments":[],"parameters":[{"name":"count","value":"8"},{"name":"name","value":"нечетныx"}],"start":1581688482009,"stop":1581688486517}],"attachments":[],"parameters":[],"start":1581688482006,"stop":1581688486518},{"name":"Тогда  из результатов поиска добавить \"всех\" \"четных\" товаров \"false\"","status":"passed","stage":"finished","steps":[],"attachments":[],"parameters":[],"start":1581688486518,"stop":1581688486519},{"name":"И  запоминаем название товаров и переходим в корзину","status":"passed","stage":"finished","steps":[{"name":"выполняется переход в корзину","status":"passed","stage":"finished","steps":[],"attachments":[],"parameters":[],"start":1581688486520,"stop":1581688486860}],"attachments":[],"parameters":[],"start":1581688486519,"stop":1581688486861},{"name":"Тогда  убедиться что все добавленные товары находятся в корзине","status":"passed","stage":"finished","steps":[{"name":"проверяется что все добавленные товары находятся в корзине","status":"passed","stage":"finished","steps":[],"attachments":[],"parameters":[],"start":1581688486868,"stop":1581688507124}],"attachments":[],"parameters":[],"start":1581688486867,"stop":1581688507125},{"name":"И  проверить что отображается текст Ваша корзина  - \"8 товаров\" \"true\"","status":"failed","stage":"finished","steps":[{"name":"проверяется наличие текста - 8 товаров","status":"broken","statusDetails":{"known":false,"muted":false,"flaky":false,"message":"no such element: Unable to locate element: {\"method\":\"xpath\",\"selector\":\"//div[@data-widget='totalv2']//span[contains(text(),'товаров')]\"}\n  (Session info: chrome=79.0.3945.88)\n  (Driver info: chromedriver=79.0.3945.36 (3582db32b33893869b8c1339e8f4d9ed1816f143-refs/branch-heads/3945@{#614}),platform=Linux 4.15.0-20-generic x86_64) (WARNING: The server did not provide any stacktrace information)\nCommand duration or timeout: 20.06 seconds\nFor documentation on this error, please visit: http://seleniumhq.org/exceptions/no_such_element.html\nBuild info: version: '2.53.1', revision: 'a36b8b1cd5757287168e54b817830adce9b0158d', time: '2016-06-30 19:26:09'\nSystem info: host: 'computer', ip: '127.0.1.1', os.name: 'Linux', os.arch: 'amd64', os.version: '4.15.0-20-generic', java.version: '11.0.3'\nDriver info: org.openqa.selenium.chrome.ChromeDriver\nCapabilities [{mobileEmulationEnabled=false, timeouts={implicit=0, pageLoad=300000, script=30000}, hasTouchScreen=false, platform=LINUX, acceptSslCerts=false, goog:chromeOptions={debuggerAddress=localhost:44349}, acceptInsecureCerts=false, webStorageEnabled=true, browserName=chrome, takesScreenshot=true, javascriptEnabled=true, setWindowRect=true, unexpectedAlertBehaviour=ignore, applicationCacheEnabled=false, rotatable=false, networkConnectionEnabled=false, chrome={chromedriverVersion=79.0.3945.36 (3582db32b33893869b8c1339e8f4d9ed1816f143-refs/branch-heads/3945@{#614}), userDataDir=/tmp/.com.google.Chrome.cmOcyX}, takesHeapSnapshot=true, pageLoadStrategy=normal, strictFileInteractability=false, databaseEnabled=false, handlesAlerts=true, version=79.0.3945.88, browserConnectionEnabled=false, proxy={}, nativeEvents=true, locationContextEnabled=true, cssSelectorsEnabled=true}]\nSession ID: 35349ac1fdce912aa66c9a6c6d37e89f\n*** Element info: {Using=xpath, value=//div[@data-widget='totalv2']//span[contains(text(),'товаров')]}","trace":"org.openqa.selenium.NoSuchElementException: no such element: Unable to locate element: {\"method\":\"xpath\",\"selector\":\"//div[@data-widget='totalv2']//span[contains(text(),'товаров')]\"}\n  (Session info: chrome=79.0.3945.88)\n  (Driver info: chromedriver=79.0.3945.36 (3582db32b33893869b8c1339e8f4d9ed1816f143-refs/branch-heads/3945@{#614}),platform=Linux 4.15.0-20-generic x86_64) (WARNING: The server did not provide any stacktrace information)\nCommand duration or timeout: 20.06 seconds\nFor documentation on this error, please visit: http://seleniumhq.org/exceptions/no_such_element.html\nBuild info: version: '2.53.1', revision: 'a36b8b1cd5757287168e54b817830adce9b0158d', time: '2016-06-30 19:26:09'\nSystem info: host: 'computer', ip: '127.0.1.1', os.name: 'Linux', os.arch: 'amd64', os.version: '4.15.0-20-generic', java.version: '11.0.3'\nDriver info: org.openqa.selenium.chrome.ChromeDriver\nCapabilities [{mobileEmulationEnabled=false, timeouts={implicit=0, pageLoad=300000, script=30000}, hasTouchScreen=false, platform=LINUX, acceptSslCerts=false, goog:chromeOptions={debuggerAddress=localhost:44349}, acceptInsecureCerts=false, webStorageEnabled=true, browserName=chrome, takesScreenshot=true, javascriptEnabled=true, setWindowRect=true, unexpectedAlertBehaviour=ignore, applicationCacheEnabled=false, rotatable=false, networkConnectionEnabled=false, chrome={chromedriverVersion=79.0.3945.36 (3582db32b33893869b8c1339e8f4d9ed1816f143-refs/branch-heads/3945@{#614}), userDataDir=/tmp/.com.google.Chrome.cmOcyX}, takesHeapSnapshot=true, pageLoadStrategy=normal, strictFileInteractability=false, databaseEnabled=false, handlesAlerts=true, version=79.0.3945.88, browserConnectionEnabled=false, proxy={}, nativeEvents=true, locationContextEnabled=true, cssSelectorsEnabled=true}]\nSession ID: 35349ac1fdce912aa66c9a6c6d37e89f\n*** Element info: {Using=xpath, value=//div[@data-widget='totalv2']//span[contains(text(),'товаров')]}\n\tat java.base/jdk.internal.reflect.NativeConstructorAccessorImpl.newInstance0(Native Method)\n\tat java.base/jdk.internal.reflect.NativeConstructorAccessorImpl.newInstance(NativeConstructorAccessorImpl.java:62)\n\tat java.base/jdk.internal.reflect.DelegatingConstructorAccessorImpl.newInstance(DelegatingConstructorAccessorImpl.java:45)\n\tat java.base/java.lang.reflect.Constructor.newInstance(Constructor.java:490)\n\tat org.openqa.selenium.remote.ErrorHandler.createThrowable(ErrorHandler.java:206)\n\tat org.openqa.selenium.remote.ErrorHandler.throwIfResponseFailed(ErrorHandler.java:158)\n\tat org.openqa.selenium.remote.RemoteWebDriver.execute(RemoteWebDriver.java:678)\n\tat org.openqa.selenium.remote.RemoteWebDriver.findElement(RemoteWebDriver.java:363)\n\tat org.openqa.selenium.remote.RemoteWebDriver.findElementByXPath(RemoteWebDriver.java:500)\n\tat org.openqa.selenium.By$ByXPath.findElement(By.java:361)\n\tat org.openqa.selenium.remote.RemoteWebDriver.findElement(RemoteWebDriver.java:355)\n\tat org.openqa.selenium.support.pagefactory.DefaultElementLocator.findElement(DefaultElementLocator.java:69)\n\tat org.openqa.selenium.support.pagefactory.internal.LocatingElementHandler.invoke(LocatingElementHandler.java:38)\n\tat com.sun.proxy.$Proxy19.getText(Unknown Source)\n\tat pages.CartPage.checkCountProduct(CartPage.java:33)\n\tat steps.CartPageSteps.checkText(CartPageSteps.java:25)\n\tat steps.MyStepdefs.checkText(MyStepdefs.java:43)\n\tat java.base/jdk.internal.reflect.NativeMethodAccessorImpl.invoke0(Native Method)\n\tat java.base/jdk.internal.reflect.NativeMethodAccessorImpl.invoke(NativeMethodAccessorImpl.java:62)\n\tat java.base/jdk.internal.reflect.DelegatingMethodAccessorImpl.invoke(DelegatingMethodAccessorImpl.java:43)\n\tat java.base/java.lang.reflect.Method.invoke(Method.java:566)\n\tat cucumber.runtime.Utils$1.call(Utils.java:26)\n\tat cucumber.runtime.Timeout.timeout(Timeout.java:16)\n\tat cucumber.runtime.Utils.invoke(Utils.java:20)\n\tat cucumber.runtime.java.JavaStepDefinition.execute(JavaStepDefinition.java:48)\n\tat cucumber.runtime.PickleStepDefinitionMatch.runStep(PickleStepDefinitionMatch.java:50)\n\tat cucumber.runner.TestStep.executeStep(TestStep.java:55)\n\tat cucumber.runner.TestStep.run(TestStep.java:42)\n\tat cucumber.runner.PickleStepTestStep.run(PickleStepTestStep.java:53)\n\tat cucumber.runner.TestCase.run(TestCase.java:47)\n\tat cucumber.runner.Runner.runPickle(Runner.java:44)\n\tat cucumber.runtime.junit.PickleRunners$NoStepDescriptions.run(PickleRunners.java:140)\n\tat cucumber.runtime.junit.FeatureRunner.runChild(FeatureRunner.java:68)\n\tat cucumber.runtime.junit.FeatureRunner.runChild(FeatureRunner.java:23)\n\tat org.junit.runners.ParentRunner$3.run(ParentRunner.java:290)\n\tat org.junit.runners.ParentRunner$1.schedule(ParentRunner.java:71)\n\tat org.junit.runners.ParentRunner.runChildren(ParentRunner.java:288)\n\tat org.junit.runners.ParentRunner.access$000(ParentRunner.java:58)\n\tat org.junit.runners.ParentRunner$2.evaluate(ParentRunner.java:268)\n\tat org.junit.runners.ParentRunner.run(ParentRunner.java:363)\n\tat cucumber.runtime.junit.FeatureRunner.run(FeatureRunner.java:73)\n\tat cucumber.api.junit.Cucumber.runChild(Cucumber.java:98)\n\tat cucumber.api.junit.Cucumber.runChild(Cucumber.java:55)\n\tat org.junit.runners.ParentRunner$3.run(ParentRunner.java:290)\n\tat org.junit.runners.ParentRunner$1.schedule(ParentRunner.java:71)\n\tat org.junit.runners.ParentRunner.runChildren(ParentRunner.java:288)\n\tat org.junit.runners.ParentRunner.access$000(ParentRunner.java:58)\n\tat org.junit.runners.ParentRunner$2.evaluate(ParentRunner.java:268)\n\tat cucumber.api.junit.Cucumber$1.evaluate(Cucumber.java:107)\n\tat org.junit.runners.ParentRunner.run(ParentRunner.java:363)\n\tat org.junit.runner.JUnitCore.run(JUnitCore.java:137)\n\tat com.intellij.junit4.JUnit4IdeaTestRunner.startRunnerWithArgs(JUnit4IdeaTestRunner.java:68)\n\tat com.intellij.rt.execution.junit.IdeaTestRunner$Repeater.startRunnerWithArgs(IdeaTestRunner.java:47)\n\tat com.intellij.rt.execution.junit.JUnitStarter.prepareStreamsAndStart(JUnitStarter.java:242)\n\tat com.intellij.rt.execution.junit.JUnitStarter.main(JUnitStarter.java:70)\n"},"stage":"finished","steps":[],"attachments":[],"parameters":[{"name":"arg0","value":"8 товаров"}],"start":1581688507126,"stop":1581688527214}],"attachments":[],"parameters":[],"start":1581688507125,"stop":1581688527218},{"name":"Тогда  удалить все товары из корзины","status":"skipped","stage":"finished","steps":[],"attachments":[],"parameters":[],"start":1581688527219,"stop":1581688527220},{"name":"И  проверить что корзина не содержит товаров","status":"skipped","stage":"finished","steps":[],"attachments":[],"parameters":[],"start":1581688527221,"stop":1581688527222},{"name":"И  приложить файл с информацией о товарах","status":"skipped","stage":"finished","steps":[],"attachments":[],"parameters":[],"start":1581688527222,"stop":1581688527223},{"name":"after","status":"passed","stage":"finished","steps":[],"attachments":[],"parameters":[],"start":1581688527226,"stop":1581688527416}],"attachments":[],"parameters":[{"name":"product","value":"iphone"},{"name":"price","value":"100000"},{"name":"brands","value":"false"},{"name":"checkBox","value":"true"},{"name":"bool","value":"true"},{"name":"bool2","value":"false"},{"name":"textBool","value":"true"},{"name":"earned","value":"11 383,43"},{"name":"replenish","value":"250 000"},{"name":"result","value":"561 383,43"}],"start":1581688448957,"stop":1581688527424,"uuid":"b05882dd-ca72-409d-b021-1463f3158486","historyId":"76f09bc55579842afbd8489e9ecb4854","labels":[{"name":"feature","value":"Покупка айфонов"},{"name":"story","value":"выбор товара на озоне"},{"name":"host","value":"computer"},{"name":"package","value":"Покупка айфонов"},{"name":"suite","value":"Покупка айфонов"},{"name":"testClass","value":"выбор товара на озоне"},{"name":"thread","value":"6344@computer.main(1)"}],"links":[]}